2019-03-31 14:50:44 DEBUG - Debug log message
2019-03-31 14:50:44 INFO  - Info log message
2019-03-31 14:50:44 INFO  - Hello, World!
2019-03-31 14:50:44 ERROR - Error log message
2019-03-31 15:02:40 DEBUG - Debug log message
2019-03-31 15:02:40 INFO  - Info log message
2019-03-31 15:02:40 INFO  - Hello, World!
2019-03-31 15:02:40 ERROR - Error log message
2019-03-31 15:02:49 DEBUG - Server started!
2019-03-31 15:03:45 INFO  - New client connected!
2019-03-31 15:03:45 INFO  - Authorization for user ivan successful
2019-03-31 15:03:45 INFO  - [ivan]
2019-03-31 15:04:14 INFO  - New client connected!
2019-03-31 15:04:14 DEBUG - Authorization for user petr failed
2019-03-31 15:04:28 INFO  - New client connected!
2019-03-31 15:04:28 INFO  - Authorization for user petr successful
2019-03-31 15:04:28 INFO  - [petr, ivan]
2019-03-31 15:04:57 INFO  - [ivan]
2019-03-31 15:05:13 INFO  - []
2019-03-31 15:13:29 DEBUG - Server started!
2019-03-31 15:13:44 INFO  - New client connected!
2019-03-31 15:13:44 INFO  - Authorization for user ivan successful
2019-03-31 15:13:44 INFO  - Users: [ivan]
2019-03-31 15:13:56 INFO  - New client connected!
2019-03-31 15:13:56 INFO  - Authorization for user petr successful
2019-03-31 15:13:56 INFO  - Users: [petr, ivan]
2019-03-31 15:14:21 INFO  - Message from user ivan:  /w petr Проверяем как работает логирование
2019-03-31 15:14:50 DEBUG - Client ivan disconnected
2019-03-31 15:14:50 INFO  - Users: [petr]
2019-03-31 15:15:33 DEBUG - Server started!
